08-01-2023 22:32:55.770 INFO: Incoming request | #1 | resource: /stack/size | HTTP Verb GET | request #1
08-01-2023 22:32:55.805 INFO: Incoming request | #2 | resource: /stack/arguments | HTTP Verb PUT | request #2
08-01-2023 22:32:55.822 INFO: Incoming request | #3 | resource: /independent/calculate | HTTP Verb POST | request #3
08-01-2023 22:32:55.838 INFO: Incoming request | #4 | resource: /stack/size | HTTP Verb GET | request #4
08-01-2023 22:32:55.857 INFO: Incoming request | #5 | resource: /logs/level | HTTP Verb PUT | request #5
08-01-2023 22:32:55.879 INFO: Incoming request | #6 | resource: /stack/size | HTTP Verb GET | request #6
08-01-2023 22:32:55.896 INFO: Incoming request | #7 | resource: /stack/operate | HTTP Verb GET | request #7
08-01-2023 22:32:55.910 INFO: Incoming request | #8 | resource: /stack/operate | HTTP Verb GET | request #8
08-01-2023 22:32:55.930 INFO: Incoming request | #9 | resource: /stack/arguments | HTTP Verb PUT | request #9
08-01-2023 22:32:55.948 INFO: Incoming request | #10 | resource: /stack/operate | HTTP Verb GET | request #10
08-01-2023 22:32:55.962 INFO: Incoming request | #11 | resource: /logs/level | HTTP Verb PUT | request #11
08-01-2023 22:32:55.962 DEBUG: request #11 duration: 0ms | request #11
08-01-2023 22:32:55.977 INFO: Incoming request | #12 | resource: /stack/arguments | HTTP Verb PUT | request #12
08-01-2023 22:32:55.977 DEBUG: request #12 duration: 1ms | request #12
08-01-2023 22:32:55.996 INFO: Incoming request | #13 | resource: /stack/operate | HTTP Verb GET | request #13
08-01-2023 22:32:55.996 DEBUG: request #13 duration: 3ms | request #13
08-01-2023 22:32:56.120 INFO: Incoming request | #14 | resource: /stack/arguments | HTTP Verb DELETE | request #14
08-01-2023 22:32:56.160 DEBUG: request #14 duration: 1ms | request #14
08-01-2023 22:32:56.300 INFO: Incoming request | #15 | resource: /stack/size | HTTP Verb GET | request #15
08-01-2023 22:32:56.300 DEBUG: request #15 duration: 1ms | request #15
